This file contains any messages produced by compilers while
running configure, to aid debugging if configure makes a mistake.

It was created by redfox configure 0.5.41, which was
generated by GNU Autoconf 2.69.  Invocation command line was

  $ ./configure 

## --------- ##
## Platform. ##
## --------- ##

hostname = beast
uname -m = x86_64
uname -r = 3.16.6-2-desktop
uname -s = Linux
uname -v = #1 SMP PREEMPT Mon Oct 20 13:47:22 UTC 2014 (feb42ea)

/usr/bin/uname -p = x86_64
/bin/uname -X     = unknown

/bin/arch              = x86_64
/usr/bin/arch -k       = unknown
/usr/convex/getsysinfo = unknown
/usr/bin/hostinfo      = unknown
/bin/machine           = unknown
/usr/bin/oslevel       = unknown
/bin/universe          = unknown

PATH: /home/collab/sidharth/bin
PATH: /usr/local/bin
PATH: /usr/bin
PATH: /bin
PATH: /usr/bin/X11
PATH: /usr/games
PATH: /opt/kde3/bin
PATH: /usr/lib/mit/bin
PATH: /usr/lib/mit/sbin
PATH: /home/collab/sidharth/research/mpich-install/bin
PATH: /usr/local/cuda-7.5/bin
PATH: /home/collab/sidharth/TC/scons/scons-2.5.0/install/bin
PATH: /home/collab/sidharth/TC/Ocelot/gpuocelot/ocelot/install/bin


## ----------- ##
## Core tests. ##
## ----------- ##

configure:2059: loading site script /usr/share/site/x86_64-unknown-linux-gnu
| #!/bin/sh
| # Site script for configure. It is resourced via $CONFIG_SITE environment varaible.
| 
| # If user did not specify libdir, guess the correct target:
| # Use lib64 for 64 bit bi-arch targets, keep the default for the rest.
| if test "$libdir" = '${exec_prefix}/lib' ; then
| 
| 	ac_config_site_64bit_host=NONE
| 
| 	case "$host" in
| 	"" )
| 		# User did not specify host target.
| 		# The native platform x86_64 is a bi-arch platform.
| 		# Try to detect cross-compilation to inferior architecture.
| 
| 		# We are trying to guess 32-bit target compilation. It's not as easy as
| 		# it sounds, as there is possible several intermediate combinations.
| 		ac_config_site_cross_to_32bit_host=NONE
| 
| 		# User defined -m32 in CFLAGS or CXXFLAGS:
| 		# (It's sufficient for 32-bit, but alone may cause mis-behavior of some checks.)
| 		case "$CFLAGS" in
| 		*-m32*)
| 			ac_config_site_cross_to_32bit_host=YES
| 			;;
| 		esac
| 		case "$CXXFLAGS" in
| 		*-m32*)
| 			ac_config_site_cross_to_32bit_host=YES
| 			;;
| 		esac
| 
| 		# Running with linux32:
| 		# (Changes detected platform, but not the toolchain target.)
| 		case "`/bin/uname -i`" in
| 		x86_64 | ppc64 | s390x )
| 			;;
| 		* )
| 			ac_config_site_cross_to_32bit_host=YES
| 			;;
| 		esac
| 
| 		if test "x$ac_config_site_cross_to_32bit_host" = xNONE; then
| 			ac_config_site_64bit_host=YES
| 		fi
| 
| 		;;
| 	*x86_64* | *ppc64* | *s390x* )
| 		ac_config_site_64bit_host=YES
| 		;;
| 	esac
| 
| 	if test "x$ac_config_site_64bit_host" = xYES; then
| 		libdir='${exec_prefix}/lib64'
| 	fi
| fi
| 
| # If user did not specify libexecdir, set the correct target:
| # Nor FHS nor openSUSE allow prefix/libexec. Let's default to prefix/lib.
| 
| if test "$libexecdir" = '${exec_prefix}/libexec' ; then
| 	libexecdir='${exec_prefix}/lib'
| fi
| 
| # Continue with the standard behavior of configure defined in AC_SITE_LOAD:
| if test "x$prefix" != xNONE; then
| 	ac_site_file1=$prefix/share/config.site
| 	ac_site_file2=$prefix/etc/config.site
| else
| 	ac_site_file1=$ac_default_prefix/share/config.site
| 	ac_site_file2=$ac_default_prefix/etc/config.site
| fi
| for ac_site_file in "$ac_site_file1" "$ac_site_file2"
| do
| 	test "x$ac_site_file" = xNONE && continue
| 	if test /dev/null != "$ac_site_file" && test -r "$ac_site_file"; then
| 		{ $as_echo "/usr/share/site/x86_64-unknown-linux-gnu:${as_lineno-$LINENO}: loading site script $ac_site_file" >&5
| $as_echo "/usr/share/site/x86_64-unknown-linux-gnu: loading site script $ac_site_file" >&6;}
| 		sed 's/^/| /' "$ac_site_file" >&5
| 		. "$ac_site_file" \
| 			|| { { $as_echo "/usr/share/site/x86_64-unknown-linux-gnu:${as_lineno-$LINENO}: error: in \`$ac_pwd':" >&5
| $as_echo "/usr/share/site/x86_64-unknown-linux-gnu: error: in \`$ac_pwd':" >&2;}
| as_fn_error $? "failed to load site script $ac_site_file
| See \`config.log' for more details" "$LINENO" 5; }
| 	fi
| done
configure:2200: checking for a BSD-compatible install
configure:2268: result: /usr/bin/install -c
configure:2279: checking whether build environment is sane
configure:2334: result: yes
configure:2372: WARNING: 'missing' script is too old or missing
configure:2485: checking for a thread-safe mkdir -p
configure:2524: result: /usr/bin/mkdir -p
configure:2531: checking for gawk
configure:2547: found /usr/bin/gawk
configure:2558: result: gawk
configure:2569: checking whether make sets $(MAKE)
configure:2591: result: yes
configure:2620: checking whether make supports nested variables
configure:2637: result: yes
configure:2783: checking for g++
configure:2799: found /usr/bin/g++
configure:2810: result: g++
configure:2837: checking for C++ compiler version
configure:2846: g++ --version >&5
g++ (SUSE Linux) 4.8.3 20140627 [gcc-4_8-branch revision 212064]
Copyright (C) 2013 Free Software Foundation, Inc.
This is free software; see the source for copying conditions.  There is NO
warranty; not even for MERCHANTABILITY or FITNESS FOR A PARTICULAR PURPOSE.

configure:2857: $? = 0
configure:2846: g++ -v >&5
Using built-in specs.
COLLECT_GCC=g++
COLLECT_LTO_WRAPPER=/usr/lib64/gcc/x86_64-suse-linux/4.8/lto-wrapper
Target: x86_64-suse-linux
Configured with: ../configure --prefix=/usr --infodir=/usr/share/info --mandir=/usr/share/man --libdir=/usr/lib64 --libexecdir=/usr/lib64 --enable-languages=c,c++,objc,fortran,obj-c++,java,ada --enable-checking=release --with-gxx-include-dir=/usr/include/c++/4.8 --enable-ssp --disable-libssp --disable-plugin --with-bugurl=http://bugs.opensuse.org/ --with-pkgversion='SUSE Linux' --disable-libgcj --disable-libmudflap --with-slibdir=/lib64 --with-system-zlib --enable-__cxa_atexit --enable-libstdcxx-allocator=new --disable-libstdcxx-pch --enable-version-specific-runtime-libs --enable-linker-build-id --enable-linux-futex --program-suffix=-4.8 --without-system-libunwind --with-arch-32=i586 --with-tune=generic --build=x86_64-suse-linux --host=x86_64-suse-linux
Thread model: posix
gcc version 4.8.3 20140627 [gcc-4_8-branch revision 212064] (SUSE Linux) 
configure:2857: $? = 0
configure:2846: g++ -V >&5
g++: error: unrecognized command line option '-V'
g++: fatal error: no input files
compilation terminated.
configure:2857: $? = 1
configure:2846: g++ -qversion >&5
g++: error: unrecognized command line option '-qversion'
g++: fatal error: no input files
compilation terminated.
configure:2857: $? = 1
configure:2877: checking whether the C++ compiler works
configure:2899: g++    conftest.cpp  >&5
configure:2903: $? = 0
configure:2951: result: yes
configure:2954: checking for C++ compiler default output file name
configure:2956: result: a.out
configure:2962: checking for suffix of executables
configure:2969: g++ -o conftest    conftest.cpp  >&5
configure:2973: $? = 0
configure:2995: result: 
configure:3017: checking whether we are cross compiling
configure:3025: g++ -o conftest    conftest.cpp  >&5
configure:3029: $? = 0
configure:3036: ./conftest
configure:3040: $? = 0
configure:3055: result: no
configure:3060: checking for suffix of object files
configure:3082: g++ -c   conftest.cpp >&5
configure:3086: $? = 0
configure:3107: result: o
configure:3111: checking whether we are using the GNU C++ compiler
configure:3130: g++ -c   conftest.cpp >&5
configure:3130: $? = 0
configure:3139: result: yes
configure:3148: checking whether g++ accepts -g
configure:3168: g++ -c -g  conftest.cpp >&5
configure:3168: $? = 0
configure:3209: result: yes
configure:3243: checking for style of include used by make
configure:3271: result: GNU
configure:3297: checking dependency style of g++
configure:3408: result: gcc3
configure:3477: checking for gcc
configure:3493: found /usr/bin/gcc
configure:3504: result: gcc
configure:3535: checking for C compiler version
configure:3544: gcc --version >&5
gcc (SUSE Linux) 4.8.3 20140627 [gcc-4_8-branch revision 212064]
Copyright (C) 2013 Free Software Foundation, Inc.
This is free software; see the source for copying conditions.  There is NO
warranty; not even for MERCHANTABILITY or FITNESS FOR A PARTICULAR PURPOSE.

configure:3555: $? = 0
configure:3544: gcc -v >&5
Using built-in specs.
COLLECT_GCC=gcc
COLLECT_LTO_WRAPPER=/usr/lib64/gcc/x86_64-suse-linux/4.8/lto-wrapper
Target: x86_64-suse-linux
Configured with: ../configure --prefix=/usr --infodir=/usr/share/info --mandir=/usr/share/man --libdir=/usr/lib64 --libexecdir=/usr/lib64 --enable-languages=c,c++,objc,fortran,obj-c++,java,ada --enable-checking=release --with-gxx-include-dir=/usr/include/c++/4.8 --enable-ssp --disable-libssp --disable-plugin --with-bugurl=http://bugs.opensuse.org/ --with-pkgversion='SUSE Linux' --disable-libgcj --disable-libmudflap --with-slibdir=/lib64 --with-system-zlib --enable-__cxa_atexit --enable-libstdcxx-allocator=new --disable-libstdcxx-pch --enable-version-specific-runtime-libs --enable-linker-build-id --enable-linux-futex --program-suffix=-4.8 --without-system-libunwind --with-arch-32=i586 --with-tune=generic --build=x86_64-suse-linux --host=x86_64-suse-linux
Thread model: posix
gcc version 4.8.3 20140627 [gcc-4_8-branch revision 212064] (SUSE Linux) 
configure:3555: $? = 0
configure:3544: gcc -V >&5
gcc: error: unrecognized command line option '-V'
gcc: fatal error: no input files
compilation terminated.
configure:3555: $? = 1
configure:3544: gcc -qversion >&5
gcc: error: unrecognized command line option '-qversion'
gcc: fatal error: no input files
compilation terminated.
configure:3555: $? = 1
configure:3559: checking whether we are using the GNU C compiler
configure:3578: gcc -c   conftest.c >&5
configure:3578: $? = 0
configure:3587: result: yes
configure:3596: checking whether gcc accepts -g
configure:3616: gcc -c -g  conftest.c >&5
configure:3616: $? = 0
configure:3657: result: yes
configure:3674: checking for gcc option to accept ISO C89
configure:3737: gcc  -c -g -O2  conftest.c >&5
configure:3737: $? = 0
configure:3750: result: none needed
configure:3772: checking dependency style of gcc
configure:3883: result: gcc3
configure:3941: checking for ranlib
configure:3957: found /usr/bin/ranlib
configure:3968: result: ranlib
configure:3995: checking for clock_gettime in -lrt
configure:4020: gcc -o conftest -g -O2   conftest.c -lrt   >&5
configure:4020: $? = 0
configure:4029: result: yes
configure:4043: checking for pthread_create in -lpthread
configure:4068: gcc -o conftest -g -O2   conftest.c -lpthread  -lrt  >&5
configure:4068: $? = 0
configure:4077: result: yes
configure:4091: checking for main in -lprotobuf
configure:4110: gcc -o conftest -g -O2   conftest.c -L/home/collab/sidharth/TC/protobuf241/protobuf-2.4.1/build/lib64/ -lprotobuf  -lpthread -lrt  >&5
configure:4110: $? = 0
configure:4119: result: yes
configure:4147: checking how to run the C preprocessor
configure:4178: gcc -E  conftest.c
configure:4178: $? = 0
configure:4192: gcc -E  conftest.c
conftest.c:14:28: fatal error: ac_nonexistent.h: No such file or directory
 #include <ac_nonexistent.h>
                            ^
compilation terminated.
configure:4192: $? = 1
configure: failed program was:
| /* confdefs.h */
| #define PACKAGE_NAME "redfox"
| #define PACKAGE_TARNAME "redfox"
| #define PACKAGE_VERSION "0.5.41"
| #define PACKAGE_STRING "redfox 0.5.41"
| #define PACKAGE_BUGREPORT "gregory.diamos@gatech.edu"
| #define PACKAGE_URL ""
| #define PACKAGE "redfox"
| #define VERSION "0.5.41"
| #define HAVE_LIBRT 1
| #define HAVE_LIBPTHREAD 1
| #define HAVE_LIBPROTOBUF 1
| /* end confdefs.h.  */
| #include <ac_nonexistent.h>
configure:4217: result: gcc -E
configure:4237: gcc -E  conftest.c
configure:4237: $? = 0
configure:4251: gcc -E  conftest.c
conftest.c:14:28: fatal error: ac_nonexistent.h: No such file or directory
 #include <ac_nonexistent.h>
                            ^
compilation terminated.
configure:4251: $? = 1
configure: failed program was:
| /* confdefs.h */
| #define PACKAGE_NAME "redfox"
| #define PACKAGE_TARNAME "redfox"
| #define PACKAGE_VERSION "0.5.41"
| #define PACKAGE_STRING "redfox 0.5.41"
| #define PACKAGE_BUGREPORT "gregory.diamos@gatech.edu"
| #define PACKAGE_URL ""
| #define PACKAGE "redfox"
| #define VERSION "0.5.41"
| #define HAVE_LIBRT 1
| #define HAVE_LIBPTHREAD 1
| #define HAVE_LIBPROTOBUF 1
| /* end confdefs.h.  */
| #include <ac_nonexistent.h>
configure:4280: checking for grep that handles long lines and -e
configure:4338: result: /usr/bin/grep
configure:4343: checking for egrep
configure:4405: result: /usr/bin/grep -E
configure:4410: checking for ANSI C header files
configure:4430: gcc -c -g -O2  conftest.c >&5
configure:4430: $? = 0
configure:4503: gcc -o conftest -g -O2   conftest.c -L/home/collab/sidharth/TC/protobuf241/protobuf-2.4.1/build/lib64/ -lprotobuf -lpthread -lrt  >&5
configure:4503: $? = 0
configure:4503: ./conftest
configure:4503: $? = 0
configure:4514: result: yes
configure:4527: checking for sys/types.h
configure:4527: gcc -c -g -O2  conftest.c >&5
configure:4527: $? = 0
configure:4527: result: yes
configure:4527: checking for sys/stat.h
configure:4527: gcc -c -g -O2  conftest.c >&5
configure:4527: $? = 0
configure:4527: result: yes
configure:4527: checking for stdlib.h
configure:4527: gcc -c -g -O2  conftest.c >&5
configure:4527: $? = 0
configure:4527: result: yes
configure:4527: checking for string.h
configure:4527: gcc -c -g -O2  conftest.c >&5
configure:4527: $? = 0
configure:4527: result: yes
configure:4527: checking for memory.h
configure:4527: gcc -c -g -O2  conftest.c >&5
configure:4527: $? = 0
configure:4527: result: yes
configure:4527: checking for strings.h
configure:4527: gcc -c -g -O2  conftest.c >&5
configure:4527: $? = 0
configure:4527: result: yes
configure:4527: checking for inttypes.h
configure:4527: gcc -c -g -O2  conftest.c >&5
configure:4527: $? = 0
configure:4527: result: yes
configure:4527: checking for stdint.h
configure:4527: gcc -c -g -O2  conftest.c >&5
configure:4527: $? = 0
configure:4527: result: yes
configure:4527: checking for unistd.h
configure:4527: gcc -c -g -O2  conftest.c >&5
configure:4527: $? = 0
configure:4527: result: yes
configure:4539: checking for stdbool.h that conforms to C99
configure:4606: gcc -c -g -O2  conftest.c >&5
configure:4606: $? = 0
configure:4613: result: yes
configure:4615: checking for _Bool
configure:4615: gcc -c -g -O2  conftest.c >&5
configure:4615: $? = 0
configure:4615: gcc -c -g -O2  conftest.c >&5
conftest.c: In function 'main':
conftest.c:60:20: error: expected expression before ')' token
 if (sizeof ((_Bool)))
                    ^
configure:4615: $? = 1
configure: failed program was:
| /* confdefs.h */
| #define PACKAGE_NAME "redfox"
| #define PACKAGE_TARNAME "redfox"
| #define PACKAGE_VERSION "0.5.41"
| #define PACKAGE_STRING "redfox 0.5.41"
| #define PACKAGE_BUGREPORT "gregory.diamos@gatech.edu"
| #define PACKAGE_URL ""
| #define PACKAGE "redfox"
| #define VERSION "0.5.41"
| #define HAVE_LIBRT 1
| #define HAVE_LIBPTHREAD 1
| #define HAVE_LIBPROTOBUF 1
| #define STDC_HEADERS 1
| #define HAVE_SYS_TYPES_H 1
| #define HAVE_SYS_STAT_H 1
| #define HAVE_STDLIB_H 1
| #define HAVE_STRING_H 1
| #define HAVE_MEMORY_H 1
| #define HAVE_STRINGS_H 1
| #define HAVE_INTTYPES_H 1
| #define HAVE_STDINT_H 1
| #define HAVE_UNISTD_H 1
| /* end confdefs.h.  */
| #include <stdio.h>
| #ifdef HAVE_SYS_TYPES_H
| # include <sys/types.h>
| #endif
| #ifdef HAVE_SYS_STAT_H
| # include <sys/stat.h>
| #endif
| #ifdef STDC_HEADERS
| # include <stdlib.h>
| # include <stddef.h>
| #else
| # ifdef HAVE_STDLIB_H
| #  include <stdlib.h>
| # endif
| #endif
| #ifdef HAVE_STRING_H
| # if !defined STDC_HEADERS && defined HAVE_MEMORY_H
| #  include <memory.h>
| # endif
| # include <string.h>
| #endif
| #ifdef HAVE_STRINGS_H
| # include <strings.h>
| #endif
| #ifdef HAVE_INTTYPES_H
| # include <inttypes.h>
| #endif
| #ifdef HAVE_STDINT_H
| # include <stdint.h>
| #endif
| #ifdef HAVE_UNISTD_H
| # include <unistd.h>
| #endif
| int
| main ()
| {
| if (sizeof ((_Bool)))
| 	    return 0;
|   ;
|   return 0;
| }
configure:4615: result: yes
configure:4632: checking for inline
configure:4648: gcc -c -g -O2  conftest.c >&5
configure:4648: $? = 0
configure:4656: result: inline
configure:4674: checking for size_t
configure:4674: gcc -c -g -O2  conftest.c >&5
configure:4674: $? = 0
configure:4674: gcc -c -g -O2  conftest.c >&5
conftest.c: In function 'main':
conftest.c:62:21: error: expected expression before ')' token
 if (sizeof ((size_t)))
                     ^
configure:4674: $? = 1
configure: failed program was:
| /* confdefs.h */
| #define PACKAGE_NAME "redfox"
| #define PACKAGE_TARNAME "redfox"
| #define PACKAGE_VERSION "0.5.41"
| #define PACKAGE_STRING "redfox 0.5.41"
| #define PACKAGE_BUGREPORT "gregory.diamos@gatech.edu"
| #define PACKAGE_URL ""
| #define PACKAGE "redfox"
| #define VERSION "0.5.41"
| #define HAVE_LIBRT 1
| #define HAVE_LIBPTHREAD 1
| #define HAVE_LIBPROTOBUF 1
| #define STDC_HEADERS 1
| #define HAVE_SYS_TYPES_H 1
| #define HAVE_SYS_STAT_H 1
| #define HAVE_STDLIB_H 1
| #define HAVE_STRING_H 1
| #define HAVE_MEMORY_H 1
| #define HAVE_STRINGS_H 1
| #define HAVE_INTTYPES_H 1
| #define HAVE_STDINT_H 1
| #define HAVE_UNISTD_H 1
| #define HAVE__BOOL 1
| #define HAVE_STDBOOL_H 1
| /* end confdefs.h.  */
| #include <stdio.h>
| #ifdef HAVE_SYS_TYPES_H
| # include <sys/types.h>
| #endif
| #ifdef HAVE_SYS_STAT_H
| # include <sys/stat.h>
| #endif
| #ifdef STDC_HEADERS
| # include <stdlib.h>
| # include <stddef.h>
| #else
| # ifdef HAVE_STDLIB_H
| #  include <stdlib.h>
| # endif
| #endif
| #ifdef HAVE_STRING_H
| # if !defined STDC_HEADERS && defined HAVE_MEMORY_H
| #  include <memory.h>
| # endif
| # include <string.h>
| #endif
| #ifdef HAVE_STRINGS_H
| # include <strings.h>
| #endif
| #ifdef HAVE_INTTYPES_H
| # include <inttypes.h>
| #endif
| #ifdef HAVE_STDINT_H
| # include <stdint.h>
| #endif
| #ifdef HAVE_UNISTD_H
| # include <unistd.h>
| #endif
| int
| main ()
| {
| if (sizeof ((size_t)))
| 	    return 0;
|   ;
|   return 0;
| }
configure:4674: result: yes
configure:4685: checking for ptrdiff_t
configure:4685: gcc -c -g -O2  conftest.c >&5
configure:4685: $? = 0
configure:4685: gcc -c -g -O2  conftest.c >&5
conftest.c: In function 'main':
conftest.c:62:24: error: expected expression before ')' token
 if (sizeof ((ptrdiff_t)))
                        ^
configure:4685: $? = 1
configure: failed program was:
| /* confdefs.h */
| #define PACKAGE_NAME "redfox"
| #define PACKAGE_TARNAME "redfox"
| #define PACKAGE_VERSION "0.5.41"
| #define PACKAGE_STRING "redfox 0.5.41"
| #define PACKAGE_BUGREPORT "gregory.diamos@gatech.edu"
| #define PACKAGE_URL ""
| #define PACKAGE "redfox"
| #define VERSION "0.5.41"
| #define HAVE_LIBRT 1
| #define HAVE_LIBPTHREAD 1
| #define HAVE_LIBPROTOBUF 1
| #define STDC_HEADERS 1
| #define HAVE_SYS_TYPES_H 1
| #define HAVE_SYS_STAT_H 1
| #define HAVE_STDLIB_H 1
| #define HAVE_STRING_H 1
| #define HAVE_MEMORY_H 1
| #define HAVE_STRINGS_H 1
| #define HAVE_INTTYPES_H 1
| #define HAVE_STDINT_H 1
| #define HAVE_UNISTD_H 1
| #define HAVE__BOOL 1
| #define HAVE_STDBOOL_H 1
| /* end confdefs.h.  */
| #include <stdio.h>
| #ifdef HAVE_SYS_TYPES_H
| # include <sys/types.h>
| #endif
| #ifdef HAVE_SYS_STAT_H
| # include <sys/stat.h>
| #endif
| #ifdef STDC_HEADERS
| # include <stdlib.h>
| # include <stddef.h>
| #else
| # ifdef HAVE_STDLIB_H
| #  include <stdlib.h>
| # endif
| #endif
| #ifdef HAVE_STRING_H
| # if !defined STDC_HEADERS && defined HAVE_MEMORY_H
| #  include <memory.h>
| # endif
| # include <string.h>
| #endif
| #ifdef HAVE_STRINGS_H
| # include <strings.h>
| #endif
| #ifdef HAVE_INTTYPES_H
| # include <inttypes.h>
| #endif
| #ifdef HAVE_STDINT_H
| # include <stdint.h>
| #endif
| #ifdef HAVE_UNISTD_H
| # include <unistd.h>
| #endif
| int
| main ()
| {
| if (sizeof ((ptrdiff_t)))
| 	    return 0;
|   ;
|   return 0;
| }
configure:4685: result: yes
configure:4699: checking for error_at_line
configure:4715: gcc -o conftest -g -O2   conftest.c -L/home/collab/sidharth/TC/protobuf241/protobuf-2.4.1/build/lib64/ -lprotobuf -lpthread -lrt  >&5
configure:4715: $? = 0
configure:4723: result: yes
configure:4737: checking for floor
configure:4737: gcc -o conftest -g -O2   conftest.c -L/home/collab/sidharth/TC/protobuf241/protobuf-2.4.1/build/lib64/ -lprotobuf -lpthread -lrt  >&5
conftest.c:50:6: warning: conflicting types for built-in function 'floor' [enabled by default]
 char floor ();
      ^
/usr/lib64/gcc/x86_64-suse-linux/4.8/../../../../x86_64-suse-linux/bin/ld: /tmp/cc0O6cL2.o: undefined reference to symbol 'floor@@GLIBC_2.2.5'
/lib64/libm.so.6: error adding symbols: DSO missing from command line
collect2: error: ld returned 1 exit status
configure:4737: $? = 1
configure: failed program was:
| /* confdefs.h */
| #define PACKAGE_NAME "redfox"
| #define PACKAGE_TARNAME "redfox"
| #define PACKAGE_VERSION "0.5.41"
| #define PACKAGE_STRING "redfox 0.5.41"
| #define PACKAGE_BUGREPORT "gregory.diamos@gatech.edu"
| #define PACKAGE_URL ""
| #define PACKAGE "redfox"
| #define VERSION "0.5.41"
| #define HAVE_LIBRT 1
| #define HAVE_LIBPTHREAD 1
| #define HAVE_LIBPROTOBUF 1
| #define STDC_HEADERS 1
| #define HAVE_SYS_TYPES_H 1
| #define HAVE_SYS_STAT_H 1
| #define HAVE_STDLIB_H 1
| #define HAVE_STRING_H 1
| #define HAVE_MEMORY_H 1
| #define HAVE_STRINGS_H 1
| #define HAVE_INTTYPES_H 1
| #define HAVE_STDINT_H 1
| #define HAVE_UNISTD_H 1
| #define HAVE__BOOL 1
| #define HAVE_STDBOOL_H 1
| #define HAVE_PTRDIFF_T 1
| /* end confdefs.h.  */
| /* Define floor to an innocuous variant, in case <limits.h> declares floor.
|    For example, HP-UX 11i <limits.h> declares gettimeofday.  */
| #define floor innocuous_floor
| 
| /* System header to define __stub macros and hopefully few prototypes,
|     which can conflict with char floor (); below.
|     Prefer <limits.h> to <assert.h> if __STDC__ is defined, since
|     <limits.h> exists even on freestanding compilers.  */
| 
| #ifdef __STDC__
| # include <limits.h>
| #else
| # include <assert.h>
| #endif
| 
| #undef floor
| 
| /* Override any GCC internal prototype to avoid an error.
|    Use char because int might match the return type of a GCC
|    builtin and then its argument prototype would still apply.  */
| #ifdef __cplusplus
| extern "C"
| #endif
| char floor ();
| /* The GNU C library defines this for functions which it implements
|     to always fail with ENOSYS.  Some functions are actually named
|     something starting with __ and the normal name is an alias.  */
| #if defined __stub_floor || defined __stub___floor
| choke me
| #endif
| 
| int
| main ()
| {
| return floor ();
|   ;
|   return 0;
| }
configure:4737: result: no
configure:4737: checking for memset
configure:4737: gcc -o conftest -g -O2   conftest.c -L/home/collab/sidharth/TC/protobuf241/protobuf-2.4.1/build/lib64/ -lprotobuf -lpthread -lrt  >&5
conftest.c:50:6: warning: conflicting types for built-in function 'memset' [enabled by default]
 char memset ();
      ^
configure:4737: $? = 0
configure:4737: result: yes
configure:4737: checking for pow
configure:4737: gcc -o conftest -g -O2   conftest.c -L/home/collab/sidharth/TC/protobuf241/protobuf-2.4.1/build/lib64/ -lprotobuf -lpthread -lrt  >&5
conftest.c:51:6: warning: conflicting types for built-in function 'pow' [enabled by default]
 char pow ();
      ^
/usr/lib64/gcc/x86_64-suse-linux/4.8/../../../../x86_64-suse-linux/bin/ld: /tmp/ccc2GE4R.o: undefined reference to symbol 'pow@@GLIBC_2.2.5'
/lib64/libm.so.6: error adding symbols: DSO missing from command line
collect2: error: ld returned 1 exit status
configure:4737: $? = 1
configure: failed program was:
| /* confdefs.h */
| #define PACKAGE_NAME "redfox"
| #define PACKAGE_TARNAME "redfox"
| #define PACKAGE_VERSION "0.5.41"
| #define PACKAGE_STRING "redfox 0.5.41"
| #define PACKAGE_BUGREPORT "gregory.diamos@gatech.edu"
| #define PACKAGE_URL ""
| #define PACKAGE "redfox"
| #define VERSION "0.5.41"
| #define HAVE_LIBRT 1
| #define HAVE_LIBPTHREAD 1
| #define HAVE_LIBPROTOBUF 1
| #define STDC_HEADERS 1
| #define HAVE_SYS_TYPES_H 1
| #define HAVE_SYS_STAT_H 1
| #define HAVE_STDLIB_H 1
| #define HAVE_STRING_H 1
| #define HAVE_MEMORY_H 1
| #define HAVE_STRINGS_H 1
| #define HAVE_INTTYPES_H 1
| #define HAVE_STDINT_H 1
| #define HAVE_UNISTD_H 1
| #define HAVE__BOOL 1
| #define HAVE_STDBOOL_H 1
| #define HAVE_PTRDIFF_T 1
| #define HAVE_MEMSET 1
| /* end confdefs.h.  */
| /* Define pow to an innocuous variant, in case <limits.h> declares pow.
|    For example, HP-UX 11i <limits.h> declares gettimeofday.  */
| #define pow innocuous_pow
| 
| /* System header to define __stub macros and hopefully few prototypes,
|     which can conflict with char pow (); below.
|     Prefer <limits.h> to <assert.h> if __STDC__ is defined, since
|     <limits.h> exists even on freestanding compilers.  */
| 
| #ifdef __STDC__
| # include <limits.h>
| #else
| # include <assert.h>
| #endif
| 
| #undef pow
| 
| /* Override any GCC internal prototype to avoid an error.
|    Use char because int might match the return type of a GCC
|    builtin and then its argument prototype would still apply.  */
| #ifdef __cplusplus
| extern "C"
| #endif
| char pow ();
| /* The GNU C library defines this for functions which it implements
|     to always fail with ENOSYS.  Some functions are actually named
|     something starting with __ and the normal name is an alias.  */
| #if defined __stub_pow || defined __stub___pow
| choke me
| #endif
| 
| int
| main ()
| {
| return pow ();
|   ;
|   return 0;
| }
configure:4737: result: no
configure:4737: checking for select
configure:4737: gcc -o conftest -g -O2   conftest.c -L/home/collab/sidharth/TC/protobuf241/protobuf-2.4.1/build/lib64/ -lprotobuf -lpthread -lrt  >&5
configure:4737: $? = 0
configure:4737: result: yes
configure:4737: checking for sqrt
configure:4737: gcc -o conftest -g -O2   conftest.c -L/home/collab/sidharth/TC/protobuf241/protobuf-2.4.1/build/lib64/ -lprotobuf -lpthread -lrt  >&5
conftest.c:52:6: warning: conflicting types for built-in function 'sqrt' [enabled by default]
 char sqrt ();
      ^
/usr/lib64/gcc/x86_64-suse-linux/4.8/../../../../x86_64-suse-linux/bin/ld: /tmp/ccfxEn5T.o: undefined reference to symbol 'sqrt@@GLIBC_2.2.5'
/lib64/libm.so.6: error adding symbols: DSO missing from command line
collect2: error: ld returned 1 exit status
configure:4737: $? = 1
configure: failed program was:
| /* confdefs.h */
| #define PACKAGE_NAME "redfox"
| #define PACKAGE_TARNAME "redfox"
| #define PACKAGE_VERSION "0.5.41"
| #define PACKAGE_STRING "redfox 0.5.41"
| #define PACKAGE_BUGREPORT "gregory.diamos@gatech.edu"
| #define PACKAGE_URL ""
| #define PACKAGE "redfox"
| #define VERSION "0.5.41"
| #define HAVE_LIBRT 1
| #define HAVE_LIBPTHREAD 1
| #define HAVE_LIBPROTOBUF 1
| #define STDC_HEADERS 1
| #define HAVE_SYS_TYPES_H 1
| #define HAVE_SYS_STAT_H 1
| #define HAVE_STDLIB_H 1
| #define HAVE_STRING_H 1
| #define HAVE_MEMORY_H 1
| #define HAVE_STRINGS_H 1
| #define HAVE_INTTYPES_H 1
| #define HAVE_STDINT_H 1
| #define HAVE_UNISTD_H 1
| #define HAVE__BOOL 1
| #define HAVE_STDBOOL_H 1
| #define HAVE_PTRDIFF_T 1
| #define HAVE_MEMSET 1
| #define HAVE_SELECT 1
| /* end confdefs.h.  */
| /* Define sqrt to an innocuous variant, in case <limits.h> declares sqrt.
|    For example, HP-UX 11i <limits.h> declares gettimeofday.  */
| #define sqrt innocuous_sqrt
| 
| /* System header to define __stub macros and hopefully few prototypes,
|     which can conflict with char sqrt (); below.
|     Prefer <limits.h> to <assert.h> if __STDC__ is defined, since
|     <limits.h> exists even on freestanding compilers.  */
| 
| #ifdef __STDC__
| # include <limits.h>
| #else
| # include <assert.h>
| #endif
| 
| #undef sqrt
| 
| /* Override any GCC internal prototype to avoid an error.
|    Use char because int might match the return type of a GCC
|    builtin and then its argument prototype would still apply.  */
| #ifdef __cplusplus
| extern "C"
| #endif
| char sqrt ();
| /* The GNU C library defines this for functions which it implements
|     to always fail with ENOSYS.  Some functions are actually named
|     something starting with __ and the normal name is an alias.  */
| #if defined __stub_sqrt || defined __stub___sqrt
| choke me
| #endif
| 
| int
| main ()
| {
| return sqrt ();
|   ;
|   return 0;
| }
configure:4737: result: no
configure:4863: checking that generated files are newer than configure
configure:4869: result: done
configure:4896: creating ./config.status

## ---------------------- ##
## Running config.status. ##
## ---------------------- ##

This file was extended by redfox config.status 0.5.41, which was
generated by GNU Autoconf 2.69.  Invocation command line was

  CONFIG_FILES    = 
  CONFIG_HEADERS  = 
  CONFIG_LINKS    = 
  CONFIG_COMMANDS = 
  $ ./config.status 

on beast

config.status:867: creating Makefile
config.status:867: creating configure.h
config.status:1048: configure.h is unchanged
config.status:1096: executing depfiles commands

## ---------------- ##
## Cache variables. ##
## ---------------- ##

ac_cv_c_compiler_gnu=yes
ac_cv_c_inline=inline
ac_cv_cxx_compiler_gnu=yes
ac_cv_env_CCC_set=
ac_cv_env_CCC_value=
ac_cv_env_CC_set=
ac_cv_env_CC_value=
ac_cv_env_CFLAGS_set=
ac_cv_env_CFLAGS_value=
ac_cv_env_CPPFLAGS_set=
ac_cv_env_CPPFLAGS_value=
ac_cv_env_CPP_set=
ac_cv_env_CPP_value=
ac_cv_env_CXXFLAGS_set=
ac_cv_env_CXXFLAGS_value=
ac_cv_env_CXX_set=
ac_cv_env_CXX_value=
ac_cv_env_LDFLAGS_set=
ac_cv_env_LDFLAGS_value=
ac_cv_env_LIBS_set=
ac_cv_env_LIBS_value=
ac_cv_env_build_alias_set=
ac_cv_env_build_alias_value=
ac_cv_env_host_alias_set=
ac_cv_env_host_alias_value=
ac_cv_env_target_alias_set=
ac_cv_env_target_alias_value=
ac_cv_func_floor=no
ac_cv_func_memset=yes
ac_cv_func_pow=no
ac_cv_func_select=yes
ac_cv_func_sqrt=no
ac_cv_header_inttypes_h=yes
ac_cv_header_memory_h=yes
ac_cv_header_stdbool_h=yes
ac_cv_header_stdc=yes
ac_cv_header_stdint_h=yes
ac_cv_header_stdlib_h=yes
ac_cv_header_string_h=yes
ac_cv_header_strings_h=yes
ac_cv_header_sys_stat_h=yes
ac_cv_header_sys_types_h=yes
ac_cv_header_unistd_h=yes
ac_cv_lib_error_at_line=yes
ac_cv_lib_protobuf_main=yes
ac_cv_lib_pthread_pthread_create=yes
ac_cv_lib_rt_clock_gettime=yes
ac_cv_objext=o
ac_cv_path_EGREP='/usr/bin/grep -E'
ac_cv_path_GREP=/usr/bin/grep
ac_cv_path_install='/usr/bin/install -c'
ac_cv_path_mkdir=/usr/bin/mkdir
ac_cv_prog_AWK=gawk
ac_cv_prog_CPP='gcc -E'
ac_cv_prog_ac_ct_CC=gcc
ac_cv_prog_ac_ct_CXX=g++
ac_cv_prog_ac_ct_RANLIB=ranlib
ac_cv_prog_cc_c89=
ac_cv_prog_cc_g=yes
ac_cv_prog_cxx_g=yes
ac_cv_prog_make_make_set=yes
ac_cv_type__Bool=yes
ac_cv_type_ptrdiff_t=yes
ac_cv_type_size_t=yes
am_cv_CC_dependencies_compiler_type=gcc3
am_cv_CXX_dependencies_compiler_type=gcc3
am_cv_make_support_nested_variables=yes

## ----------------- ##
## Output variables. ##
## ----------------- ##

ACLOCAL='aclocal-1.13'
AMDEPBACKSLASH='\'
AMDEP_FALSE='#'
AMDEP_TRUE=''
AMTAR='$${TAR-tar}'
AM_BACKSLASH='\'
AM_DEFAULT_V='$(AM_DEFAULT_VERBOSITY)'
AM_DEFAULT_VERBOSITY='1'
AM_V='$(V)'
AUTOCONF='autoconf'
AUTOHEADER='autoheader'
AUTOMAKE='automake-1.13'
AWK='gawk'
CC='gcc'
CCDEPMODE='depmode=gcc3'
CFLAGS='-g -O2'
CPP='gcc -E'
CPPFLAGS=''
CXX='g++'
CXXDEPMODE='depmode=gcc3'
CXXFLAGS='-g -O2'
CYGPATH_W='echo'
DEFS='-DHAVE_CONFIG_H'
DEPDIR='.deps'
ECHO_C=''
ECHO_N='-n'
ECHO_T=''
EGREP='/usr/bin/grep -E'
EXEEXT=''
GREP='/usr/bin/grep'
INSTALL_DATA='${INSTALL} -m 644'
INSTALL_PROGRAM='${INSTALL}'
INSTALL_SCRIPT='${INSTALL}'
INSTALL_STRIP_PROGRAM='$(install_sh) -c -s'
LDFLAGS=''
LIBOBJS=''
LIBS='-L/home/collab/sidharth/TC/protobuf241/protobuf-2.4.1/build/lib64/ -lprotobuf -lpthread -lrt '
LTLIBOBJS=''
MAKEINFO='makeinfo'
MKDIR_P='/usr/bin/mkdir -p'
OBJEXT='o'
PACKAGE='redfox'
PACKAGE_BUGREPORT='gregory.diamos@gatech.edu'
PACKAGE_NAME='redfox'
PACKAGE_STRING='redfox 0.5.41'
PACKAGE_TARNAME='redfox'
PACKAGE_URL=''
PACKAGE_VERSION='0.5.41'
PATH_SEPARATOR=':'
RANLIB='ranlib'
SET_MAKE=''
SHELL='/bin/sh'
STRIP=''
VERSION='0.5.41'
ac_ct_CC='gcc'
ac_ct_CXX='g++'
am__EXEEXT_FALSE=''
am__EXEEXT_TRUE='#'
am__fastdepCC_FALSE='#'
am__fastdepCC_TRUE=''
am__fastdepCXX_FALSE='#'
am__fastdepCXX_TRUE=''
am__include='include'
am__isrc=''
am__leading_dot='.'
am__nodep='_no'
am__quote=''
am__tar='$${TAR-tar} chof - "$$tardir"'
am__untar='$${TAR-tar} xf -'
bindir='${exec_prefix}/bin'
build_alias=''
datadir='${datarootdir}'
datarootdir='${prefix}/share'
docdir='${datarootdir}/doc/${PACKAGE_TARNAME}'
dvidir='${docdir}'
exec_prefix='${prefix}'
host_alias=''
htmldir='${docdir}'
includedir='${prefix}/include'
infodir='${datarootdir}/info'
install_sh='${SHELL} /home/collab/sidharth/TC/nredfox/GIT/redfox/install-sh'
libdir='${exec_prefix}/lib64'
libexecdir='${exec_prefix}/lib'
localedir='${datarootdir}/locale'
localstatedir='${prefix}/var'
mandir='${datarootdir}/man'
mkdir_p='$(MKDIR_P)'
oldincludedir='/usr/include'
pdfdir='${docdir}'
prefix='/usr/local'
program_transform_name='s,x,x,'
psdir='${docdir}'
sbindir='${exec_prefix}/sbin'
sharedstatedir='${prefix}/com'
sysconfdir='${prefix}/etc'
target_alias=''

## ----------- ##
## confdefs.h. ##
## ----------- ##

/* confdefs.h */
#define PACKAGE_NAME "redfox"
#define PACKAGE_TARNAME "redfox"
#define PACKAGE_VERSION "0.5.41"
#define PACKAGE_STRING "redfox 0.5.41"
#define PACKAGE_BUGREPORT "gregory.diamos@gatech.edu"
#define PACKAGE_URL ""
#define PACKAGE "redfox"
#define VERSION "0.5.41"
#define HAVE_LIBRT 1
#define HAVE_LIBPTHREAD 1
#define HAVE_LIBPROTOBUF 1
#define STDC_HEADERS 1
#define HAVE_SYS_TYPES_H 1
#define HAVE_SYS_STAT_H 1
#define HAVE_STDLIB_H 1
#define HAVE_STRING_H 1
#define HAVE_MEMORY_H 1
#define HAVE_STRINGS_H 1
#define HAVE_INTTYPES_H 1
#define HAVE_STDINT_H 1
#define HAVE_UNISTD_H 1
#define HAVE__BOOL 1
#define HAVE_STDBOOL_H 1
#define HAVE_PTRDIFF_T 1
#define HAVE_MEMSET 1
#define HAVE_SELECT 1

configure: exit 0

## ---------------------- ##
## Running config.status. ##
## ---------------------- ##

This file was extended by redfox config.status 0.5.41, which was
generated by GNU Autoconf 2.69.  Invocation command line was

  CONFIG_FILES    = 
  CONFIG_HEADERS  = 
  CONFIG_LINKS    = 
  CONFIG_COMMANDS = 
  $ ./config.status configure.h

on beast

config.status:867: creating configure.h
config.status:1048: configure.h is unchanged
